DEBUG restartedMain org.springframework.core.env.StandardEnvironment - Removing PropertySource 'systemProperties'
DEBUG restartedMain org.springframework.core.env.StandardEnvironment - Removing PropertySource 'systemEnvironment'
DEBUG restartedMain org.springframework.core.env.PropertySourcesPropertyResolver - Could not find key 'spring.cloud.bootstrap.location:' in any property source
DEBUG restartedMain org.springframework.core.env.PropertySourcesPropertyResolver - Could not find key 'spring.cloud.bootstrap.location' in any property source
DEBUG restartedMain org.springframework.core.env.StandardEnvironment - Adding PropertySource 'bootstrap' with highest search precedence
DEBUG restartedMain org.springframework.core.env.StandardEnvironment - Adding PropertySource 'servletConfigInitParams' with lowest search precedence
DEBUG restartedMain org.springframework.core.env.StandardEnvironment - Adding PropertySource 'servletContextInitParams' with lowest search precedence
DEBUG restartedMain org.springframework.core.env.StandardEnvironment - Adding PropertySource 'systemProperties' with lowest search precedence
DEBUG restartedMain org.springframework.core.env.StandardEnvironment - Adding PropertySource 'systemEnvironment' with lowest search precedence
DEBUG restartedMain org.springframework.core.env.PropertySourcesPropertyResolver - Could not find key 'spring.cloud.bootstrap.sources' in any property source
DEBUG restartedMain org.springframework.boot.devtools.restart.Restarter - Creating new Restarter for thread Thread[main,5,main]
DEBUG restartedMain org.springframework.boot.devtools.restart.Restarter - Immediately restarting application
DEBUG restartedMain org.springframework.boot.devtools.restart.Restarter - Created RestartClassLoader org.springframework.boot.devtools.restart.classloader.RestartClassLoader@2f8e7fa1
DEBUG restartedMain org.springframework.boot.devtools.restart.Restarter - Starting application com.first.demo.websocket.WebSocketApplication with URLs [file:/J:/git/demo/first-websocket/target/classes/, file:/J:/git/demo/interface-module/target/classes/]
DEBUG restartedMain org.springframework.boot.context.logging.ClasspathLoggingApplicationListener - Application failed to start with classpath: [file:/J:/git/demo/first-websocket/target/classes/, file:/J:/git/demo/interface-module/target/classes/]
ERROR restartedMain org.springframework.boot.SpringApplication - Application run failed
java.lang.NoSuchMethodError: org.springframework.boot.builder.SpringApplicationBuilder.<init>([Ljava/lang/Object;)V
	at org.springframework.cloud.bootstrap.BootstrapApplicationListener.bootstrapServiceContext(BootstrapApplicationListener.java:161)
	at org.springframework.cloud.bootstrap.BootstrapApplicationListener.onApplicationEvent(BootstrapApplicationListener.java:102)
	at org.springframework.cloud.bootstrap.BootstrapApplicationListener.onApplicationEvent(BootstrapApplicationListener.java:68)
	at org.springframework.context.event.SimpleApplicationEventMulticaster.doInvokeListener(SimpleApplicationEventMulticaster.java:172)
	at org.springframework.context.event.SimpleApplicationEventMulticaster.invokeListener(SimpleApplicationEventMulticaster.java:165)
	at org.springframework.context.event.SimpleApplicationEventMulticaster.multicastEvent(SimpleApplicationEventMulticaster.java:139)
	at org.springframework.context.event.SimpleApplicationEventMulticaster.multicastEvent(SimpleApplicationEventMulticaster.java:127)
	at org.springframework.boot.context.event.EventPublishingRunListener.environmentPrepared(EventPublishingRunListener.java:74)
	at org.springframework.boot.SpringApplicationRunListeners.environmentPrepared(SpringApplicationRunListeners.java:54)
	at org.springframework.boot.SpringApplication.prepareEnvironment(SpringApplication.java:361)
	at org.springframework.boot.SpringApplication.run(SpringApplication.java:320)
	at org.springframework.boot.SpringApplication.run(SpringApplication.java:1258)
	at org.springframework.boot.SpringApplication.run(SpringApplication.java:1246)
	at com.first.demo.websocket.WebSocketApplication.main(WebSocketApplication.java:18)
	at sun.reflect.NativeMethodAccessorImpl.invoke0(Native Method)
	at sun.reflect.NativeMethodAccessorImpl.invoke(NativeMethodAccessorImpl.java:62)
	at sun.reflect.DelegatingMethodAccessorImpl.invoke(DelegatingMethodAccessorImpl.java:43)
	at java.lang.reflect.Method.invoke(Method.java:498)
	at org.springframework.boot.devtools.restart.RestartLauncher.run(RestartLauncher.java:49)
